[16:14:43] [main/INFO] (FabricLoader/GameProvider) Loading Minecraft 26.1 with Fabric Loader 0.18.6
[16:14:43] [main/INFO] (FabricLoader/Mappings) Mappings not present!
[16:14:43] [main/INFO] (FabricLoader) Loading 50 mods:
	- fabric-api 0.145.1+26.1
	- fabric-api-base 2.0.3+ece0632347
	- fabric-api-lookup-api-v1 2.0.10+d5a053b647
	- fabric-biome-api-v1 18.0.4+35c80edc47
	- fabric-block-api-v1 3.0.2+ec56b60147
	- fabric-block-getter-api-v2 2.0.6+ec56b60147
	- fabric-client-gametest-api-v1 5.0.13+ff4eae5a47
	- fabric-command-api-v2 3.0.5+e2bdee7847
	- fabric-content-registries-v0 11.0.12+d871b99e47
	- fabric-convention-tags-v2 4.3.2+c37e6e5f47
	- fabric-crash-report-info-v1 1.0.3+9f78a5a847
	- fabric-creative-tab-api-v1 5.0.10+d871b99e47
	- fabric-data-attachment-api-v1 2.2.3+d602a89647
	- fabric-data-generation-api-v1 24.0.17+35c80edc47
	- fabric-debug-api-v1 1.0.1+c792624d47
	- fabric-dimensions-v1 5.1.4+9cbf5da547
	- fabric-entity-events-v1 5.0.2+e2bdee7847
	- fabric-events-interaction-v0 5.1.10+c82f046147
	- fabric-game-rule-api-v1 4.0.5+d871b99e47
	- fabric-gametest-api-v1 4.0.13+00a1fba647
	- fabric-item-api-v1 14.1.0+9833182c47
	- fabric-key-mapping-api-v1 2.0.4+e2bdee7847
	- fabric-lifecycle-events-v1 4.0.6+a9b9c17647
	- fabric-loot-api-v3 3.0.11+00a1fba647
	- fabric-menu-api-v1 2.0.12+d871b99e47
	- fabric-message-api-v1 7.0.5+dae8ce3e47
	- fabric-model-loading-api-v1 8.0.1+c7e428fd47
	- fabric-networking-api-v1 6.3.0+50a808ce47
	- fabric-object-builder-api-v1 23.0.13+b61fef4347
	- fabric-particles-v1 5.0.14+b61fef4347
	- fabric-recipe-api-v1 9.0.13+be4b75ae47
	- fabric-registry-sync-v0 7.0.12+b61fef4347
	- fabric-renderer-api-v1 12.0.0+51b152e147
	- fabric-renderer-indigo 8.0.0+51b152e147
	- fabric-rendering-fluids-v1 6.0.1+d871b99e47
	- fabric-rendering-v1 23.0.4+c7e428fd47
	- fabric-resource-conditions-api-v1 6.0.5+00a1fba647
	- fabric-resource-loader-v0 3.3.16+4fc5413f47
	- fabric-resource-loader-v1 2.0.9+d871b99e47
	- fabric-screen-api-v1 5.0.1+d871b99e47
	- fabric-serialization-api-v1 2.0.3+11a26f3147
	- fabric-sound-api-v1 2.0.4+11a26f3147
	- fabric-tag-api-v1 2.0.9+11a26f3147
	- fabric-transfer-api-v1 8.0.2+d871b99e47
	- fabric-transitive-access-wideners-v1 8.0.11+d871b99e47
	- fabricloader 0.18.6
	- java 25
	- minecraft 26.1
	- mixinextras 0.5.3
	- tokimistoolshed 1.1
[16:14:43] [main/WARN] (FabricLoader/ModRemap) Runtime mod remapping disabled due to no fabric.remapClasspathFile being specified. You may need to update loom.
[16:14:43] [main/INFO] (FabricLoader/Mixin) SpongePowered MIXIN Subsystem Version=0.8.7 Source=file:/C:/Users/dingd/.gradle/caches/modules-2/files-2.1/net.fabricmc/sponge-mixin/0.17.0+mixin.0.8.7/cf31463202f72d03b0ef1e1e38e8ee71b7faaab6/sponge-mixin-0.17.0+mixin.0.8.7.jar Service=Knot/Fabric Env=CLIENT
[16:14:43] [main/INFO] (FabricLoader/Mixin) Compatibility level set to JAVA_25
[16:14:44] [main/INFO] (FabricLoader/MixinExtras|Service) Initializing MixinExtras via com.llamalad7.mixinextras.service.MixinExtrasServiceImpl(version=0.5.3).
[16:14:45] [Datafixer Bootstrap/INFO] (Minecraft) 291 Datafixer optimizations took 253 milliseconds
[16:14:48] [Render thread/INFO] (Minecraft) Environment: Environment[sessionHost=https://sessionserver.mojang.com, servicesHost=https://api.minecraftservices.com, profilesHost=https://api.mojang.com, name=PROD]
[16:14:48] [Render thread/INFO] (Minecraft) Setting user: Player55
[16:14:49] [Render thread/INFO] (tokimistoolshed) TokimisToolshed Initialized!
[16:14:49] [Render thread/INFO] (tokimistoolshed) Registering copper excavator and hammer.
[16:14:49] [Render thread/INFO] (Indigo) [Indigo] Registering Indigo renderer!
[16:14:49] [Render thread/INFO] (Minecraft) Backend library: LWJGL version 3.4.1-snapshot
[16:14:49] [Download-2/ERROR] (Minecraft) Failed to fetch user properties
com.mojang.authlib.exceptions.InvalidCredentialsException: Status: 401
	at knot//com.mojang.authlib.exceptions.MinecraftClientHttpException.toAuthenticationException(MinecraftClientHttpException.java:59)
	at knot//com.mojang.authlib.yggdrasil.YggdrasilUserApiService.fetchProperties(YggdrasilUserApiService.java:150)
	at knot//net.minecraft.client.Minecraft.lambda$new$1(Minecraft.java:459)
	at java.base/java.util.concurrent.CompletableFuture$AsyncSupply.run(CompletableFuture.java:1789)
	at java.base/java.util.concurrent.ThreadPoolExecutor.runWorker(ThreadPoolExecutor.java:1090)
	at java.base/java.util.concurrent.ThreadPoolExecutor$Worker.run(ThreadPoolExecutor.java:614)
	at java.base/java.lang.Thread.run(Thread.java:1474)
Caused by: com.mojang.authlib.exceptions.MinecraftClientHttpException: Status: 401
	at knot//com.mojang.authlib.minecraft.client.MinecraftClient.readInputStream(MinecraftClient.java:103)
	at knot//com.mojang.authlib.minecraft.client.MinecraftClient.get(MinecraftClient.java:56)
	at knot//com.mojang.authlib.yggdrasil.YggdrasilUserApiService.fetchProperties(YggdrasilUserApiService.java:121)
	... 5 more
[16:14:50] [Render thread/INFO] (Minecraft) Using optional rendering extensions: GL_ARB_buffer_storage, GL_KHR_debug, GL_ARB_vertex_attrib_binding, GL_ARB_direct_state_access, GL_EXT_texture_filter_anisotropic
[16:14:50] [Render thread/INFO] (Minecraft) Reloading ResourceManager: vanilla, fabric-api, fabric-api-base, fabric-api-lookup-api-v1, fabric-biome-api-v1, fabric-block-api-v1, fabric-block-getter-api-v2, fabric-client-gametest-api-v1, fabric-command-api-v2, fabric-content-registries-v0, fabric-convention-tags-v2, fabric-crash-report-info-v1, fabric-creative-tab-api-v1, fabric-data-attachment-api-v1, fabric-data-generation-api-v1, fabric-debug-api-v1, fabric-dimensions-v1, fabric-entity-events-v1, fabric-events-interaction-v0, fabric-game-rule-api-v1, fabric-gametest-api-v1, fabric-item-api-v1, fabric-key-mapping-api-v1, fabric-lifecycle-events-v1, fabric-loot-api-v3, fabric-menu-api-v1, fabric-message-api-v1, fabric-model-loading-api-v1, fabric-networking-api-v1, fabric-object-builder-api-v1, fabric-particles-v1, fabric-recipe-api-v1, fabric-registry-sync-v0, fabric-renderer-api-v1, fabric-renderer-indigo, fabric-rendering-fluids-v1, fabric-rendering-v1, fabric-resource-conditions-api-v1, fabric-resource-loader-v0, fabric-resource-loader-v1, fabric-screen-api-v1, fabric-serialization-api-v1, fabric-sound-api-v1, fabric-tag-api-v1, fabric-transfer-api-v1, fabric-transitive-access-wideners-v1, fabricloader, tokimistoolshed
[16:14:50] [Worker-Main-10/INFO] (Minecraft) Found unifont_all_no_pua-17.0.01.hex, loading
[16:14:50] [Worker-Main-22/INFO] (Minecraft) Found unifont_pua-17.0.01.hex, loading
[16:14:50] [Worker-Main-30/INFO] (Minecraft) Found unifont_jp_patch-17.0.01.hex, loading
[16:14:51] [Download-1/INFO] (Minecraft) Could not authorize you against Realms server: java.lang.RuntimeException: Failed to parse into SignedJWT: FabricMC
[16:14:51] [Download-1/ERROR] (Minecraft) Failed to fetch Realms feature flags
com.mojang.realmsclient.exception.RealmsServiceException: Realms authentication error with message 'java.lang.RuntimeException: Failed to parse into SignedJWT: FabricMC'
	at knot//com.mojang.realmsclient.client.RealmsClient.execute(RealmsClient.java:526)
	at knot//com.mojang.realmsclient.client.RealmsClient.fetchFeatureFlags(RealmsClient.java:186)
	at java.base/java.util.concurrent.CompletableFuture$AsyncSupply.run(CompletableFuture.java:1789)
	at java.base/java.util.concurrent.ThreadPoolExecutor.runWorker(ThreadPoolExecutor.java:1090)
	at java.base/java.util.concurrent.ThreadPoolExecutor$Worker.run(ThreadPoolExecutor.java:614)
	at java.base/java.lang.Thread.run(Thread.java:1474)
[16:14:51] [Render thread/INFO] (Minecraft) OpenAL initialized on device OpenAL Soft on Speakers (3- Focusrite USB Audio)
[16:14:51] [Render thread/INFO] (Minecraft) Sound engine started
[16:14:51] [Render thread/INFO] (Minecraft) Created: 512x256x0 minecraft:textures/atlas/particles.png-atlas
[16:14:51] [Render thread/INFO] (Minecraft) Created: 128x128x0 minecraft:textures/atlas/decorated_pot.png-atlas
[16:14:51] [Render thread/INFO] (Minecraft) Created: 2048x1024x0 minecraft:textures/atlas/armor_trims.png-atlas
[16:14:51] [Render thread/INFO] (Minecraft) Created: 512x256x0 minecraft:textures/atlas/paintings.png-atlas
[16:14:51] [Render thread/INFO] (Minecraft) Created: 1024x512x0 minecraft:textures/atlas/shield_patterns.png-atlas
[16:14:51] [Render thread/INFO] (Minecraft) Created: 2048x2048x4 minecraft:textures/atlas/blocks.png-atlas
[16:14:51] [Render thread/INFO] (Minecraft) Created: 512x512x0 minecraft:textures/atlas/chest.png-atlas
[16:14:51] [Render thread/INFO] (Minecraft) Created: 256x128x0 minecraft:textures/atlas/celestials.png-atlas
[16:14:51] [Render thread/INFO] (Minecraft) Created: 1024x512x0 minecraft:textures/atlas/banner_patterns.png-atlas
[16:14:51] [Render thread/INFO] (Minecraft) Created: 512x512x0 minecraft:textures/atlas/beds.png-atlas
[16:14:51] [Render thread/INFO] (Minecraft) Created: 1024x512x0 minecraft:textures/atlas/items.png-atlas
[16:14:51] [Render thread/INFO] (Minecraft) Created: 1024x1024x0 minecraft:textures/atlas/gui.png-atlas
[16:14:51] [Render thread/INFO] (Minecraft) Created: 128x64x0 minecraft:textures/atlas/map_decorations.png-atlas
[16:14:51] [Render thread/INFO] (Minecraft) Created: 512x256x0 minecraft:textures/atlas/signs.png-atlas
[16:14:51] [Render thread/INFO] (Minecraft) Created: 512x512x0 minecraft:textures/atlas/shulker_boxes.png-atlas
[16:14:52] [IO-Worker-1/INFO] (Minecraft) Could not authorize you against Realms server: java.lang.RuntimeException: Failed to parse into SignedJWT: FabricMC
[16:14:52] [IO-Worker-1/ERROR] (Minecraft) Couldn't connect to realms
com.mojang.realmsclient.exception.RealmsServiceException: Realms authentication error with message 'java.lang.RuntimeException: Failed to parse into SignedJWT: FabricMC'
	at knot//com.mojang.realmsclient.client.RealmsClient.execute(RealmsClient.java:526)
	at knot//com.mojang.realmsclient.client.RealmsClient.clientCompatible(RealmsClient.java:307)
	at knot//com.mojang.realmsclient.RealmsAvailability.lambda$check$0(RealmsAvailability.java:48)
	at java.base/java.util.concurrent.CompletableFuture$AsyncSupply.run(CompletableFuture.java:1789)
	at java.base/java.util.concurrent.ThreadPoolExecutor.runWorker(ThreadPoolExecutor.java:1090)
	at java.base/java.util.concurrent.ThreadPoolExecutor$Worker.run(ThreadPoolExecutor.java:614)
	at java.base/java.lang.Thread.run(Thread.java:1474)
[16:14:59] [Worker-Main-31/ERROR] (Minecraft) Couldn't parse data file 'tokimistoolshed:obsidian_excavator' from 'tokimistoolshed:recipe/obsidian_excavator.json': DataResult.Error['Failed to parse either. First: Unknown registry key in ResourceKey[minecraft:root / minecraft:item]: tokimistoolshed:obsidian_excavator; Second: Not a string: {"id":"tokimistoolshed:obsidian_excavator","count":1}; Map entry 'O' : Failed to parse either. First: Not a JSON object: "obsidianequipmentrework:obsidian_ingot"; Second: Failed to parse either. First: Not a tag id; Second: Failed to parse either. First: Not a json array: "obsidianequipmentrework:obsidian_ingot"; Second: Unknown registry key in ResourceKey[minecraft:root / minecraft:item]: obsidianequipmentrework:obsidian_ingot']
[16:14:59] [Worker-Main-31/ERROR] (Minecraft) Couldn't parse data file 'tokimistoolshed:obsidian_excavator_smelting' from 'tokimistoolshed:recipe/obsidian_excavator_smelting.json': DataResult.Error['Failed to parse either. First: Unknown registry key in ResourceKey[minecraft:root / minecraft:item]: obsidianequipmentrework:obsidian_ingot; Second: Not a string: {"id":"obsidianequipmentrework:obsidian_ingot","count":1}; Failed to parse either. First: Not a JSON object: "tokimistoolshed:obsidian_excavator"; Second: Failed to parse either. First: Not a tag id; Second: Failed to parse either. First: Not a json array: "tokimistoolshed:obsidian_excavator"; Second: Unknown registry key in ResourceKey[minecraft:root / minecraft:item]: tokimistoolshed:obsidian_excavator']
[16:14:59] [Worker-Main-31/ERROR] (Minecraft) Couldn't parse data file 'tokimistoolshed:obsidian_hammer' from 'tokimistoolshed:recipe/obsidian_hammer.json': DataResult.Error['Failed to parse either. First: Unknown registry key in ResourceKey[minecraft:root / minecraft:item]: tokimistoolshed:obsidian_hammer; Second: Not a string: {"id":"tokimistoolshed:obsidian_hammer","count":1}; Map entry 'O' : Failed to parse either. First: Not a JSON object: "obsidianequipmentrework:obsidian_ingot"; Second: Failed to parse either. First: Not a tag id; Second: Failed to parse either. First: Not a json array: "obsidianequipmentrework:obsidian_ingot"; Second: Unknown registry key in ResourceKey[minecraft:root / minecraft:item]: obsidianequipmentrework:obsidian_ingot']
[16:14:59] [Worker-Main-31/ERROR] (Minecraft) Couldn't parse data file 'tokimistoolshed:obsidian_hammer_smelting' from 'tokimistoolshed:recipe/obsidian_hammer_smelting.json': DataResult.Error['Failed to parse either. First: Unknown registry key in ResourceKey[minecraft:root / minecraft:item]: obsidianequipmentrework:obsidian_ingot; Second: Not a string: {"id":"obsidianequipmentrework:obsidian_ingot","count":1}; Failed to parse either. First: Not a JSON object: "tokimistoolshed:obsidian_hammer"; Second: Failed to parse either. First: Not a tag id; Second: Failed to parse either. First: Not a json array: "tokimistoolshed:obsidian_hammer"; Second: Unknown registry key in ResourceKey[minecraft:root / minecraft:item]: tokimistoolshed:obsidian_hammer']
[16:14:59] [Worker-Main-31/ERROR] (Minecraft) Couldn't parse data file 'tokimistoolshed:obsidian_lumber_axe' from 'tokimistoolshed:recipe/obsidian_lumber_axe.json': DataResult.Error['Failed to parse either. First: Unknown registry key in ResourceKey[minecraft:root / minecraft:item]: tokimistoolshed:obsidian_lumber_axe; Second: Not a string: {"id":"tokimistoolshed:obsidian_lumber_axe","count":1}; Map entry 'M' : Failed to parse either. First: Not a JSON object: "obsidianequipmentrework:obsidian_ingot"; Second: Failed to parse either. First: Not a tag id; Second: Failed to parse either. First: Not a json array: "obsidianequipmentrework:obsidian_ingot"; Second: Unknown registry key in ResourceKey[minecraft:root / minecraft:item]: obsidianequipmentrework:obsidian_ingot']
[16:14:59] [Worker-Main-31/ERROR] (Minecraft) Couldn't parse data file 'tokimistoolshed:obsidian_lumber_axe_smelting' from 'tokimistoolshed:recipe/obsidian_lumber_axe_smelting.json': DataResult.Error['Failed to parse either. First: Unknown registry key in ResourceKey[minecraft:root / minecraft:item]: obsidianequipmentrework:obsidian_ingot; Second: Not a string: {"id":"obsidianequipmentrework:obsidian_ingot","count":1}; Failed to parse either. First: Not a JSON object: "tokimistoolshed:obsidian_lumber_axe"; Second: Failed to parse either. First: Not a tag id; Second: Failed to parse either. First: Not a json array: "tokimistoolshed:obsidian_lumber_axe"; Second: Unknown registry key in ResourceKey[minecraft:root / minecraft:item]: tokimistoolshed:obsidian_lumber_axe']
[16:14:59] [Worker-Main-31/ERROR] (Minecraft) Couldn't parse data file 'tokimistoolshed:obsidian_scythe' from 'tokimistoolshed:recipe/obsidian_scythe.json': DataResult.Error['Failed to parse either. First: Unknown registry key in ResourceKey[minecraft:root / minecraft:item]: tokimistoolshed:obsidian_scythe; Second: Not a string: {"id":"tokimistoolshed:obsidian_scythe","count":1}; Map entry 'M' : Failed to parse either. First: Not a JSON object: "obsidianequipmentrework:obsidian_ingot"; Second: Failed to parse either. First: Not a tag id; Second: Failed to parse either. First: Not a json array: "obsidianequipmentrework:obsidian_ingot"; Second: Unknown registry key in ResourceKey[minecraft:root / minecraft:item]: obsidianequipmentrework:obsidian_ingot']
[16:14:59] [Worker-Main-31/ERROR] (Minecraft) Couldn't parse data file 'tokimistoolshed:obsidian_scythe_smelting' from 'tokimistoolshed:recipe/obsidian_scythe_smelting.json': DataResult.Error['Failed to parse either. First: Unknown registry key in ResourceKey[minecraft:root / minecraft:item]: obsidianequipmentrework:obsidian_ingot; Second: Not a string: {"id":"obsidianequipmentrework:obsidian_ingot","count":1}; Failed to parse either. First: Not a JSON object: "tokimistoolshed:obsidian_scythe"; Second: Failed to parse either. First: Not a tag id; Second: Failed to parse either. First: Not a json array: "tokimistoolshed:obsidian_scythe"; Second: Unknown registry key in ResourceKey[minecraft:root / minecraft:item]: tokimistoolshed:obsidian_scythe']
[16:14:59] [Worker-Main-18/ERROR] (Minecraft) Couldn't parse data file 'tokimistoolshed:recipes/smelting/obsidian_excavator_smelting' from 'tokimistoolshed:advancement/recipes/smelting/obsidian_excavator_smelting.json': DataResult.Error['Failed to parse either. First: Not a tag id; Second: Failed to parse either. First: Not a json array: "tokimistoolshed:obsidian_excavator"; Second: Failed to get element tokimistoolshed:obsidian_excavator missed input: {"has_obsidian_excavator":{"trigger":"minecraft:inventory_changed","conditions":{"items":[{"items":"tokimistoolshed:obsidian_excavator"}]}}}': Advancement[parent=Optional[minecraft:recipes/root], display=Optional.empty, rewards=AdvancementRewards[experience=0, loot=[], recipes=[ResourceKey[minecraft:recipe / tokimistoolshed:obsidian_excavator_smelting]], function=Optional.empty], criteria={has_the_recipe=Criterion[trigger=net.minecraft.advancements.criterion.RecipeUnlockedTrigger@4f721cf, triggerInstance=TriggerInstance[player=Optional.empty, recipe=ResourceKey[minecraft:recipe / tokimistoolshed:obsidian_excavator_smelting]]], has_obsidian_excavator=Criterion[trigger=net.minecraft.advancements.criterion.InventoryChangeTrigger@17dd5f28, triggerInstance=TriggerInstance[player=Optional.empty, slots=Slots[occupied=Ints[bounds=Bounds[min=Optional.empty, max=Optional.empty], boundsSqr=Bounds[min=Optional.empty, max=Optional.empty]], full=Ints[bounds=Bounds[min=Optional.empty, max=Optional.empty], boundsSqr=Bounds[min=Optional.empty, max=Optional.empty]], empty=Ints[bounds=Bounds[min=Optional.empty, max=Optional.empty], boundsSqr=Bounds[min=Optional.empty, max=Optional.empty]]], items=[ItemPredicate[items=Optional.empty, count=Ints[bounds=Bounds[min=Optional.empty, max=Optional.empty], boundsSqr=Bounds[min=Optional.empty, max=Optional.empty]], components=DataComponentMatchers[exact=[], partial={}]]]]]}, requirements=[[has_obsidian_excavator, has_the_recipe]], sendsTelemetryEvent=false, name=Optional.empty]]
[16:14:59] [Worker-Main-18/ERROR] (Minecraft) Couldn't parse data file 'tokimistoolshed:recipes/smelting/obsidian_hammer_smelting' from 'tokimistoolshed:advancement/recipes/smelting/obsidian_hammer_smelting.json': DataResult.Error['Failed to parse either. First: Not a tag id; Second: Failed to parse either. First: Not a json array: "tokimistoolshed:obsidian_hammer"; Second: Failed to get element tokimistoolshed:obsidian_hammer missed input: {"has_obsidian_hammer":{"trigger":"minecraft:inventory_changed","conditions":{"items":[{"items":"tokimistoolshed:obsidian_hammer"}]}}}': Advancement[parent=Optional[minecraft:recipes/root], display=Optional.empty, rewards=AdvancementRewards[experience=0, loot=[], recipes=[ResourceKey[minecraft:recipe / tokimistoolshed:obsidian_hammer_smelting]], function=Optional.empty], criteria={has_obsidian_hammer=Criterion[trigger=net.minecraft.advancements.criterion.InventoryChangeTrigger@17dd5f28, triggerInstance=TriggerInstance[player=Optional.empty, slots=Slots[occupied=Ints[bounds=Bounds[min=Optional.empty, max=Optional.empty], boundsSqr=Bounds[min=Optional.empty, max=Optional.empty]], full=Ints[bounds=Bounds[min=Optional.empty, max=Optional.empty], boundsSqr=Bounds[min=Optional.empty, max=Optional.empty]], empty=Ints[bounds=Bounds[min=Optional.empty, max=Optional.empty], boundsSqr=Bounds[min=Optional.empty, max=Optional.empty]]], items=[ItemPredicate[items=Optional.empty, count=Ints[bounds=Bounds[min=Optional.empty, max=Optional.empty], boundsSqr=Bounds[min=Optional.empty, max=Optional.empty]], components=DataComponentMatchers[exact=[], partial={}]]]]], has_the_recipe=Criterion[trigger=net.minecraft.advancements.criterion.RecipeUnlockedTrigger@4f721cf, triggerInstance=TriggerInstance[player=Optional.empty, recipe=ResourceKey[minecraft:recipe / tokimistoolshed:obsidian_hammer_smelting]]]}, requirements=[[has_obsidian_hammer, has_the_recipe]], sendsTelemetryEvent=false, name=Optional.empty]]
[16:14:59] [Worker-Main-18/ERROR] (Minecraft) Couldn't parse data file 'tokimistoolshed:recipes/smelting/obsidian_lumber_axe_smelting' from 'tokimistoolshed:advancement/recipes/smelting/obsidian_lumber_axe_smelting.json': DataResult.Error['Failed to parse either. First: Not a tag id; Second: Failed to parse either. First: Not a json array: "tokimistoolshed:obsidian_lumber_axe"; Second: Failed to get element tokimistoolshed:obsidian_lumber_axe missed input: {"has_obsidian_lumber_axe":{"trigger":"minecraft:inventory_changed","conditions":{"items":[{"items":"tokimistoolshed:obsidian_lumber_axe"}]}}}': Advancement[parent=Optional[minecraft:recipes/root], display=Optional.empty, rewards=AdvancementRewards[experience=0, loot=[], recipes=[ResourceKey[minecraft:recipe / tokimistoolshed:obsidian_lumber_axe_smelting]], function=Optional.empty], criteria={has_obsidian_lumber_axe=Criterion[trigger=net.minecraft.advancements.criterion.InventoryChangeTrigger@17dd5f28, triggerInstance=TriggerInstance[player=Optional.empty, slots=Slots[occupied=Ints[bounds=Bounds[min=Optional.empty, max=Optional.empty], boundsSqr=Bounds[min=Optional.empty, max=Optional.empty]], full=Ints[bounds=Bounds[min=Optional.empty, max=Optional.empty], boundsSqr=Bounds[min=Optional.empty, max=Optional.empty]], empty=Ints[bounds=Bounds[min=Optional.empty, max=Optional.empty], boundsSqr=Bounds[min=Optional.empty, max=Optional.empty]]], items=[ItemPredicate[items=Optional.empty, count=Ints[bounds=Bounds[min=Optional.empty, max=Optional.empty], boundsSqr=Bounds[min=Optional.empty, max=Optional.empty]], components=DataComponentMatchers[exact=[], partial={}]]]]], has_the_recipe=Criterion[trigger=net.minecraft.advancements.criterion.RecipeUnlockedTrigger@4f721cf, triggerInstance=TriggerInstance[player=Optional.empty, recipe=ResourceKey[minecraft:recipe / tokimistoolshed:obsidian_lumber_axe_smelting]]]}, requirements=[[has_obsidian_lumber_axe, has_the_recipe]], sendsTelemetryEvent=false, name=Optional.empty]]
[16:14:59] [Worker-Main-18/ERROR] (Minecraft) Couldn't parse data file 'tokimistoolshed:recipes/smelting/obsidian_scythe_smelting' from 'tokimistoolshed:advancement/recipes/smelting/obsidian_scythe_smelting.json': DataResult.Error['Failed to parse either. First: Not a tag id; Second: Failed to parse either. First: Not a json array: "tokimistoolshed:obsidian_scythe"; Second: Failed to get element tokimistoolshed:obsidian_scythe missed input: {"has_obsidian_scythe":{"trigger":"minecraft:inventory_changed","conditions":{"items":[{"items":"tokimistoolshed:obsidian_scythe"}]}}}': Advancement[parent=Optional[minecraft:recipes/root], display=Optional.empty, rewards=AdvancementRewards[experience=0, loot=[], recipes=[ResourceKey[minecraft:recipe / tokimistoolshed:obsidian_scythe_smelting]], function=Optional.empty], criteria={has_the_recipe=Criterion[trigger=net.minecraft.advancements.criterion.RecipeUnlockedTrigger@4f721cf, triggerInstance=TriggerInstance[player=Optional.empty, recipe=ResourceKey[minecraft:recipe / tokimistoolshed:obsidian_scythe_smelting]]], has_obsidian_scythe=Criterion[trigger=net.minecraft.advancements.criterion.InventoryChangeTrigger@17dd5f28, triggerInstance=TriggerInstance[player=Optional.empty, slots=Slots[occupied=Ints[bounds=Bounds[min=Optional.empty, max=Optional.empty], boundsSqr=Bounds[min=Optional.empty, max=Optional.empty]], full=Ints[bounds=Bounds[min=Optional.empty, max=Optional.empty], boundsSqr=Bounds[min=Optional.empty, max=Optional.empty]], empty=Ints[bounds=Bounds[min=Optional.empty, max=Optional.empty], boundsSqr=Bounds[min=Optional.empty, max=Optional.empty]]], items=[ItemPredicate[items=Optional.empty, count=Ints[bounds=Bounds[min=Optional.empty, max=Optional.empty], boundsSqr=Bounds[min=Optional.empty, max=Optional.empty]], components=DataComponentMatchers[exact=[], partial={}]]]]]}, requirements=[[has_obsidian_scythe, has_the_recipe]], sendsTelemetryEvent=false, name=Optional.empty]]
[16:14:59] [Worker-Main-18/ERROR] (Minecraft) Couldn't parse data file 'tokimistoolshed:recipes/tools/obsidian_excavator' from 'tokimistoolshed:advancement/recipes/tools/obsidian_excavator.json': DataResult.Error['Failed to parse either. First: Not a tag id; Second: Failed to parse either. First: Not a json array: "obsidianequipmentrework:obsidian_ingot"; Second: Failed to get element obsidianequipmentrework:obsidian_ingot missed input: {"has_obsidian_ingot":{"trigger":"minecraft:inventory_changed","conditions":{"items":[{"items":"obsidianequipmentrework:obsidian_ingot"}]}}}': Advancement[parent=Optional[minecraft:recipes/root], display=Optional.empty, rewards=AdvancementRewards[experience=0, loot=[], recipes=[ResourceKey[minecraft:recipe / tokimistoolshed:obsidian_excavator]], function=Optional.empty], criteria={has_the_recipe=Criterion[trigger=net.minecraft.advancements.criterion.RecipeUnlockedTrigger@4f721cf, triggerInstance=TriggerInstance[player=Optional.empty, recipe=ResourceKey[minecraft:recipe / tokimistoolshed:obsidian_excavator]]], has_obsidian_ingot=Criterion[trigger=net.minecraft.advancements.criterion.InventoryChangeTrigger@17dd5f28, triggerInstance=TriggerInstance[player=Optional.empty, slots=Slots[occupied=Ints[bounds=Bounds[min=Optional.empty, max=Optional.empty], boundsSqr=Bounds[min=Optional.empty, max=Optional.empty]], full=Ints[bounds=Bounds[min=Optional.empty, max=Optional.empty], boundsSqr=Bounds[min=Optional.empty, max=Optional.empty]], empty=Ints[bounds=Bounds[min=Optional.empty, max=Optional.empty], boundsSqr=Bounds[min=Optional.empty, max=Optional.empty]]], items=[ItemPredicate[items=Optional.empty, count=Ints[bounds=Bounds[min=Optional.empty, max=Optional.empty], boundsSqr=Bounds[min=Optional.empty, max=Optional.empty]], components=DataComponentMatchers[exact=[], partial={}]]]]]}, requirements=[[has_obsidian_ingot, has_the_recipe]], sendsTelemetryEvent=false, name=Optional.empty]]
[16:14:59] [Worker-Main-18/ERROR] (Minecraft) Couldn't parse data file 'tokimistoolshed:recipes/tools/obsidian_hammer' from 'tokimistoolshed:advancement/recipes/tools/obsidian_hammer.json': DataResult.Error['Failed to parse either. First: Not a tag id; Second: Failed to parse either. First: Not a json array: "obsidianequipmentrework:obsidian_ingot"; Second: Failed to get element obsidianequipmentrework:obsidian_ingot missed input: {"has_obsidian_ingot":{"trigger":"minecraft:inventory_changed","conditions":{"items":[{"items":"obsidianequipmentrework:obsidian_ingot"}]}}}': Advancement[parent=Optional[minecraft:recipes/root], display=Optional.empty, rewards=AdvancementRewards[experience=0, loot=[], recipes=[ResourceKey[minecraft:recipe / tokimistoolshed:obsidian_hammer]], function=Optional.empty], criteria={has_the_recipe=Criterion[trigger=net.minecraft.advancements.criterion.RecipeUnlockedTrigger@4f721cf, triggerInstance=TriggerInstance[player=Optional.empty, recipe=ResourceKey[minecraft:recipe / tokimistoolshed:obsidian_hammer]]], has_obsidian_ingot=Criterion[trigger=net.minecraft.advancements.criterion.InventoryChangeTrigger@17dd5f28, triggerInstance=TriggerInstance[player=Optional.empty, slots=Slots[occupied=Ints[bounds=Bounds[min=Optional.empty, max=Optional.empty], boundsSqr=Bounds[min=Optional.empty, max=Optional.empty]], full=Ints[bounds=Bounds[min=Optional.empty, max=Optional.empty], boundsSqr=Bounds[min=Optional.empty, max=Optional.empty]], empty=Ints[bounds=Bounds[min=Optional.empty, max=Optional.empty], boundsSqr=Bounds[min=Optional.empty, max=Optional.empty]]], items=[ItemPredicate[items=Optional.empty, count=Ints[bounds=Bounds[min=Optional.empty, max=Optional.empty], boundsSqr=Bounds[min=Optional.empty, max=Optional.empty]], components=DataComponentMatchers[exact=[], partial={}]]]]]}, requirements=[[has_obsidian_ingot, has_the_recipe]], sendsTelemetryEvent=false, name=Optional.empty]]
[16:14:59] [Worker-Main-18/ERROR] (Minecraft) Couldn't parse data file 'tokimistoolshed:recipes/tools/obsidian_lumber_axe' from 'tokimistoolshed:advancement/recipes/tools/obsidian_lumber_axe.json': DataResult.Error['Failed to parse either. First: Not a tag id; Second: Failed to parse either. First: Not a json array: "obsidianequipmentrework:obsidian_ingot"; Second: Failed to get element obsidianequipmentrework:obsidian_ingot missed input: {"has_obsidian_ingot":{"trigger":"minecraft:inventory_changed","conditions":{"items":[{"items":"obsidianequipmentrework:obsidian_ingot"}]}}}': Advancement[parent=Optional[minecraft:recipes/root], display=Optional.empty, rewards=AdvancementRewards[experience=0, loot=[], recipes=[ResourceKey[minecraft:recipe / tokimistoolshed:obsidian_lumber_axe]], function=Optional.empty], criteria={has_the_recipe=Criterion[trigger=net.minecraft.advancements.criterion.RecipeUnlockedTrigger@4f721cf, triggerInstance=TriggerInstance[player=Optional.empty, recipe=ResourceKey[minecraft:recipe / tokimistoolshed:obsidian_lumber_axe]]], has_obsidian_ingot=Criterion[trigger=net.minecraft.advancements.criterion.InventoryChangeTrigger@17dd5f28, triggerInstance=TriggerInstance[player=Optional.empty, slots=Slots[occupied=Ints[bounds=Bounds[min=Optional.empty, max=Optional.empty], boundsSqr=Bounds[min=Optional.empty, max=Optional.empty]], full=Ints[bounds=Bounds[min=Optional.empty, max=Optional.empty], boundsSqr=Bounds[min=Optional.empty, max=Optional.empty]], empty=Ints[bounds=Bounds[min=Optional.empty, max=Optional.empty], boundsSqr=Bounds[min=Optional.empty, max=Optional.empty]]], items=[ItemPredicate[items=Optional.empty, count=Ints[bounds=Bounds[min=Optional.empty, max=Optional.empty], boundsSqr=Bounds[min=Optional.empty, max=Optional.empty]], components=DataComponentMatchers[exact=[], partial={}]]]]]}, requirements=[[has_obsidian_ingot, has_the_recipe]], sendsTelemetryEvent=false, name=Optional.empty]]
[16:14:59] [Worker-Main-18/ERROR] (Minecraft) Couldn't parse data file 'tokimistoolshed:recipes/tools/obsidian_scythe' from 'tokimistoolshed:advancement/recipes/tools/obsidian_scythe.json': DataResult.Error['Failed to parse either. First: Not a tag id; Second: Failed to parse either. First: Not a json array: "obsidianequipmentrework:obsidian_ingot"; Second: Failed to get element obsidianequipmentrework:obsidian_ingot missed input: {"has_obsidian_ingot":{"trigger":"minecraft:inventory_changed","conditions":{"items":[{"items":"obsidianequipmentrework:obsidian_ingot"}]}}}': Advancement[parent=Optional[minecraft:recipes/root], display=Optional.empty, rewards=AdvancementRewards[experience=0, loot=[], recipes=[ResourceKey[minecraft:recipe / tokimistoolshed:obsidian_scythe]], function=Optional.empty], criteria={has_the_recipe=Criterion[trigger=net.minecraft.advancements.criterion.RecipeUnlockedTrigger@4f721cf, triggerInstance=TriggerInstance[player=Optional.empty, recipe=ResourceKey[minecraft:recipe / tokimistoolshed:obsidian_scythe]]], has_obsidian_ingot=Criterion[trigger=net.minecraft.advancements.criterion.InventoryChangeTrigger@17dd5f28, triggerInstance=TriggerInstance[player=Optional.empty, slots=Slots[occupied=Ints[bounds=Bounds[min=Optional.empty, max=Optional.empty], boundsSqr=Bounds[min=Optional.empty, max=Optional.empty]], full=Ints[bounds=Bounds[min=Optional.empty, max=Optional.empty], boundsSqr=Bounds[min=Optional.empty, max=Optional.empty]], empty=Ints[bounds=Bounds[min=Optional.empty, max=Optional.empty], boundsSqr=Bounds[min=Optional.empty, max=Optional.empty]]], items=[ItemPredicate[items=Optional.empty, count=Ints[bounds=Bounds[min=Optional.empty, max=Optional.empty], boundsSqr=Bounds[min=Optional.empty, max=Optional.empty]], components=DataComponentMatchers[exact=[], partial={}]]]]]}, requirements=[[has_obsidian_ingot, has_the_recipe]], sendsTelemetryEvent=false, name=Optional.empty]]
[16:14:59] [Render thread/INFO] (Minecraft) Loaded 1571 recipes
[16:14:59] [Render thread/INFO] (Minecraft) Loaded 1673 advancements
[16:14:59] [Render thread/INFO] (BiomeModificationImpl) Applied 0 biome modifications to 0 of 65 new biomes in 713.9 μs
[16:14:59] [Server thread/INFO] (Minecraft) Starting integrated minecraft server version 26.1
[16:14:59] [Server thread/INFO] (Minecraft) Generating keypair
[16:15:00] [Server thread/INFO] (Minecraft) Loading 0 persistent chunks...
[16:15:00] [Server thread/INFO] (Minecraft) Preparing spawn area: 16%
[16:15:00] [Server thread/INFO] (Minecraft) Saving chunks for level 'ServerLevel[New World]'/minecraft:overworld
[16:15:00] [Server thread/INFO] (Minecraft) Saving chunks for level 'ServerLevel[New World]'/minecraft:the_nether
[16:15:00] [Server thread/INFO] (Minecraft) Saving chunks for level 'ServerLevel[New World]'/minecraft:the_end
[16:15:00] [Server thread/INFO] (Minecraft) ThreadedAnvilChunkStorage (world): All chunks are saved
[16:15:00] [Server thread/INFO] (Minecraft) ThreadedAnvilChunkStorage (DIM-1): All chunks are saved
[16:15:00] [Server thread/INFO] (Minecraft) ThreadedAnvilChunkStorage (DIM1): All chunks are saved
[16:15:00] [Server thread/INFO] (Minecraft) ThreadedAnvilChunkStorage: All dimensions are saved
[16:15:00] [Server thread/INFO] (Minecraft) Loading 49 chunks for player spawn...
[16:15:00] [Server thread/INFO] (Minecraft) Preparing spawn area: 16%
[16:15:00] [Server thread/INFO] (Minecraft) Time elapsed: 805 ms
[16:15:01] [Server thread/INFO] (Minecraft) Player55[local:E:77183c1c] logged in with entity id 60 at (-558.6254673912837, 63.0, -161.45344804838604)
[16:15:01] [Server thread/INFO] (Minecraft) Player55 joined the game
[16:15:01] [Server thread/INFO] (Minecraft) Changing view distance to 16, from 10
[16:15:01] [Server thread/INFO] (Minecraft) Changing simulation distance to 12, from 0
[16:15:01] [Render thread/INFO] (Minecraft) Loaded 72 advancements
[16:15:01] [Render thread/INFO] (Minecraft) Resizing Dynamic Transforms UBO, capacity limit of 2 reached during a single frame. New capacity will be 4.
[16:15:01] [Render thread/INFO] (Minecraft) Resizing Dynamic Transforms UBO, capacity limit of 4 reached during a single frame. New capacity will be 8.
[16:15:01] [Render thread/INFO] (Minecraft) Resizing Chunk Sections UBO, capacity limit of 2 reached during a single frame. New capacity will be 8.
[16:15:01] [Render thread/INFO] (Minecraft) Resizing Chunk Sections UBO, capacity limit of 8 reached during a single frame. New capacity will be 16.
[16:15:01] [Render thread/INFO] (Minecraft) Resizing Chunk Sections UBO, capacity limit of 16 reached during a single frame. New capacity will be 32.
[16:15:01] [Render thread/INFO] (Minecraft) Resizing Chunk Sections UBO, capacity limit of 32 reached during a single frame. New capacity will be 64.
[16:15:01] [Render thread/INFO] (Minecraft) Resizing Chunk Sections UBO, capacity limit of 64 reached during a single frame. New capacity will be 128.
[16:15:01] [Render thread/INFO] (Minecraft) Resizing Chunk Sections UBO, capacity limit of 128 reached during a single frame. New capacity will be 256.
[16:15:02] [Render thread/INFO] (Minecraft) Resizing Chunk Sections UBO, capacity limit of 256 reached during a single frame. New capacity will be 512.
[16:15:03] [Render thread/INFO] (Minecraft) Resizing Chunk Sections UBO, capacity limit of 512 reached during a single frame. New capacity will be 1024.
[16:15:04] [Server thread/INFO] (Minecraft) Saving and pausing game...
[16:15:04] [Server thread/INFO] (Minecraft) Saving chunks for level 'ServerLevel[New World]'/minecraft:overworld
[16:15:04] [Server thread/INFO] (Minecraft) Saving chunks for level 'ServerLevel[New World]'/minecraft:the_nether
[16:15:04] [Server thread/INFO] (Minecraft) Saving chunks for level 'ServerLevel[New World]'/minecraft:the_end
[16:16:49] [Server thread/INFO] (Minecraft) Saving and pausing game...
[16:16:49] [Server thread/INFO] (Minecraft) Saving chunks for level 'ServerLevel[New World]'/minecraft:overworld
[16:16:49] [Server thread/INFO] (Minecraft) Saving chunks for level 'ServerLevel[New World]'/minecraft:the_nether
[16:16:49] [Server thread/INFO] (Minecraft) Saving chunks for level 'ServerLevel[New World]'/minecraft:the_end
[16:16:49] [Server thread/INFO] (Minecraft) Stopping server
[16:16:49] [Server thread/INFO] (Minecraft) Saving players
[16:16:49] [Server thread/INFO] (Minecraft) Player55 lost connection: Disconnected
[16:16:49] [Server thread/INFO] (Minecraft) Player55 left the game
[16:16:49] [Server thread/INFO] (Minecraft) Stopping singleplayer server as player logged out
[16:16:49] [Server thread/INFO] (Minecraft) Saving worlds
[16:16:49] [Server thread/INFO] (Minecraft) Saving chunks for level 'ServerLevel[New World]'/minecraft:overworld
[16:16:50] [Server thread/INFO] (Minecraft) Saving chunks for level 'ServerLevel[New World]'/minecraft:the_nether
[16:16:50] [Server thread/INFO] (Minecraft) Saving chunks for level 'ServerLevel[New World]'/minecraft:the_end
[16:16:50] [Server thread/INFO] (Minecraft) ThreadedAnvilChunkStorage (world): All chunks are saved
[16:16:50] [Server thread/INFO] (Minecraft) ThreadedAnvilChunkStorage (DIM-1): All chunks are saved
[16:16:50] [Server thread/INFO] (Minecraft) ThreadedAnvilChunkStorage (DIM1): All chunks are saved
[16:16:50] [Server thread/INFO] (Minecraft) ThreadedAnvilChunkStorage: All dimensions are saved
[16:16:51] [Render thread/INFO] (Minecraft) Stopping!
